<?xml version="1.0" encoding="UTF-8"?>
<testng-results ignored="0" total="1" passed="1" failed="0" skipped="0">
  <reporter-output>
  </reporter-output>
  <suite started-at="2024-03-11T07:32:02Z" name="Default suite" finished-at="2024-03-11T07:33:28Z" duration-ms="85371">
    <groups>
    </groups>
    <test started-at="2024-03-11T07:32:02Z" name="Default test" finished-at="2024-03-11T07:33:28Z" duration-ms="85371">
      <class name="hospital_management.Login">
        <test-method is-config="true" signature="start()[pri:0, instance:hospital_management.Login@21ba0741]" started-at="2024-03-11T13:31:49Z" name="start" finished-at="2024-03-11T13:32:02Z" duration-ms="13423" status="PASS">
          <reporter-output>
          </reporter-output>
        </test-method> <!-- start -->
        <test-method signature="test()[pri:0, instance:hospital_management.Login@21ba0741]" started-at="2024-03-11T13:32:02Z" name="test" finished-at="2024-03-11T13:33:28Z" duration-ms="85246" status="PASS">
          <reporter-output>
          </reporter-output>
        </test-method> <!-- test -->
        <test-method is-config="true" signature="close()[pri:0, instance:hospital_management.Login@21ba0741]" started-at="2024-03-11T13:33:28Z" name="close" finished-at="2024-03-11T13:33:32Z" duration-ms="4290" status="PASS">
          <reporter-output>
          </reporter-output>
        </test-method> <!-- close -->
      </class> <!-- hospital_management.Login -->
    </test> <!-- Default test -->
  </suite> <!-- Default suite -->
</testng-results>
